The target system is: Android -  - 
The host system is: Linux - 4.15.0-42-generic - x86_64
Compiling the C compiler identification source file "CMakeCCompilerId.c" succeeded.
Compiler: /home/armnn1/armnn-devenv/toolchains/aarch64-android-r16b/bin/aarch64-linux-android-clang 
Build flags: 
Id flags: 

The output was:
0


Compilation of the C compiler identification source "CMakeCCompilerId.c" produced "a.out"

The C compiler identification is Clang, found in "/home/armnn1/armnn-devenv/armnn/build/CMakeFiles/3.5.1/CompilerIdC/a.out"

Compiling the CXX compiler identification source file "CMakeCXXCompilerId.cpp" succeeded.
Compiler: /home/armnn1/armnn-devenv/toolchains/aarch64-android-r16b/bin/aarch64-linux-android-clang++ 
Build flags: 
Id flags: 

The output was:
0


Compilation of the CXX compiler identification source "CMakeCXXCompilerId.cpp" produced "a.out"

The CXX compiler identification is Clang, found in "/home/armnn1/armnn-devenv/armnn/build/CMakeFiles/3.5.1/CompilerIdCXX/a.out"

Determining if the C compiler works passed with the following output:
Change Dir: /home/armnn1/armnn-devenv/armnn/build/CMakeFiles/CMakeTmp

Run Build Command:"/home/armnn1/armnn-devenv/toolchains/aarch64-android-r16b/bin/make" "cmTC_6288b/fast"
/home/armnn1/armnn-devenv/toolchains/aarch64-android-r16b/bin/make -f CMakeFiles/cmTC_6288b.dir/build.make CMakeFiles/cmTC_6288b.dir/build
make[1]: Entering directory `/home/armnn1/armnn-devenv/armnn/build/CMakeFiles/CMakeTmp'
Building C object CMakeFiles/cmTC_6288b.dir/testCCompiler.c.o
/home/armnn1/armnn-devenv/toolchains/aarch64-android-r16b/bin/aarch64-linux-android-clang     -o CMakeFiles/cmTC_6288b.dir/testCCompiler.c.o   -c /home/armnn1/armnn-devenv/armnn/build/CMakeFiles/CMakeTmp/testCCompiler.c
Linking C executable cmTC_6288b
/usr/bin/cmake -E cmake_link_script CMakeFiles/cmTC_6288b.dir/link.txt --verbose=1
/home/armnn1/armnn-devenv/toolchains/aarch64-android-r16b/bin/aarch64-linux-android-clang       CMakeFiles/cmTC_6288b.dir/testCCompiler.c.o  -o cmTC_6288b  
make[1]: Leaving directory `/home/armnn1/armnn-devenv/armnn/build/CMakeFiles/CMakeTmp'


Detecting C compiler ABI info compiled with the following output:
Change Dir: /home/armnn1/armnn-devenv/armnn/build/CMakeFiles/CMakeTmp

Run Build Command:"/home/armnn1/armnn-devenv/toolchains/aarch64-android-r16b/bin/make" "cmTC_622c7/fast"
/home/armnn1/armnn-devenv/toolchains/aarch64-android-r16b/bin/make -f CMakeFiles/cmTC_622c7.dir/build.make CMakeFiles/cmTC_622c7.dir/build
make[1]: Entering directory `/home/armnn1/armnn-devenv/armnn/build/CMakeFiles/CMakeTmp'
Building C object CMakeFiles/cmTC_622c7.dir/CMakeCCompilerABI.c.o
/home/armnn1/armnn-devenv/toolchains/aarch64-android-r16b/bin/aarch64-linux-android-clang     -o CMakeFiles/cmTC_622c7.dir/CMakeCCompilerABI.c.o   -c /usr/share/cmake-3.5/Modules/CMakeCCompilerABI.c
Linking C executable cmTC_622c7
/usr/bin/cmake -E cmake_link_script CMakeFiles/cmTC_622c7.dir/link.txt --verbose=1
/home/armnn1/armnn-devenv/toolchains/aarch64-android-r16b/bin/aarch64-linux-android-clang      -v CMakeFiles/cmTC_622c7.dir/CMakeCCompilerABI.c.o  -o cmTC_622c7   
Android clang version 5.0.300080  (based on LLVM 5.0.300080)
Target: aarch64-none-linux-android
Thread model: posix
InstalledDir: /home/armnn1/armnn-devenv/toolchains/aarch64-android-r16b/bin
Found candidate GCC installation: /home/armnn1/armnn-devenv/toolchains/aarch64-android-r16b/bin/../lib/gcc/aarch64-linux-android/4.9.x
Selected GCC installation: /home/armnn1/armnn-devenv/toolchains/aarch64-android-r16b/bin/../lib/gcc/aarch64-linux-android/4.9.x
Candidate multilib: .;@m64
Selected multilib: .;@m64
 "/home/armnn1/armnn-devenv/toolchains/aarch64-android-r16b/bin/../lib/gcc/aarch64-linux-android/4.9.x/../../../../aarch64-linux-android/bin/ld" --sysroot=/home/armnn1/armnn-devenv/toolchains/aarch64-android-r16b/bin/../sysroot --fix-cortex-a53-843419 -z relro --eh-frame-hdr -m aarch64linux -dynamic-linker /system/bin/linker64 -o cmTC_622c7 /home/armnn1/armnn-devenv/toolchains/aarch64-android-r16b/bin/../sysroot/usr/lib/crtbegin_dynamic.o -L/home/armnn1/armnn-devenv/toolchains/aarch64-android-r16b/lib64/clang/5.0.300080/lib/linux/aarch64 -L/home/armnn1/armnn-devenv/toolchains/aarch64-android-r16b/bin/../lib/gcc/aarch64-linux-android/4.9.x -L/home/armnn1/armnn-devenv/toolchains/aarch64-android-r16b/bin/../lib/gcc/aarch64-linux-android/4.9.x/../../../../aarch64-linux-android/lib/../lib64 -L/home/armnn1/armnn-devenv/toolchains/aarch64-android-r16b/bin/../lib/gcc/aarch64-linux-android/4.9.x/../../../../aarch64-linux-android/lib -L/home/armnn1/armnn-devenv/toolchains/aarch64-android-r16b/bin/../sysroot/usr/lib CMakeFiles/cmTC_622c7.dir/CMakeCCompilerABI.c.o -lgcc -ldl -lc -lgcc -ldl /home/armnn1/armnn-devenv/toolchains/aarch64-android-r16b/bin/../sysroot/usr/lib/crtend_android.o
make[1]: Leaving directory `/home/armnn1/armnn-devenv/armnn/build/CMakeFiles/CMakeTmp'


Parsed C implicit link information from above output:
  link line regex: [^( *|.*[/\])(aarch64-linux-android-ld|([^/\]+-)?ld|collect2)[^/\]*( |$)]
  ignore line: [Change Dir: /home/armnn1/armnn-devenv/armnn/build/CMakeFiles/CMakeTmp]
  ignore line: []
  ignore line: [Run Build Command:"/home/armnn1/armnn-devenv/toolchains/aarch64-android-r16b/bin/make" "cmTC_622c7/fast"]
  ignore line: [/home/armnn1/armnn-devenv/toolchains/aarch64-android-r16b/bin/make -f CMakeFiles/cmTC_622c7.dir/build.make CMakeFiles/cmTC_622c7.dir/build]
  ignore line: [make[1]: Entering directory `/home/armnn1/armnn-devenv/armnn/build/CMakeFiles/CMakeTmp']
  ignore line: [Building C object CMakeFiles/cmTC_622c7.dir/CMakeCCompilerABI.c.o]
  ignore line: [/home/armnn1/armnn-devenv/toolchains/aarch64-android-r16b/bin/aarch64-linux-android-clang     -o CMakeFiles/cmTC_622c7.dir/CMakeCCompilerABI.c.o   -c /usr/share/cmake-3.5/Modules/CMakeCCompilerABI.c]
  ignore line: [Linking C executable cmTC_622c7]
  ignore line: [/usr/bin/cmake -E cmake_link_script CMakeFiles/cmTC_622c7.dir/link.txt --verbose=1]
  ignore line: [/home/armnn1/armnn-devenv/toolchains/aarch64-android-r16b/bin/aarch64-linux-android-clang      -v CMakeFiles/cmTC_622c7.dir/CMakeCCompilerABI.c.o  -o cmTC_622c7   ]
  ignore line: [Android clang version 5.0.300080  (based on LLVM 5.0.300080)]
  ignore line: [Target: aarch64-none-linux-android]
  ignore line: [Thread model: posix]
  ignore line: [InstalledDir: /home/armnn1/armnn-devenv/toolchains/aarch64-android-r16b/bin]
  ignore line: [Found candidate GCC installation: /home/armnn1/armnn-devenv/toolchains/aarch64-android-r16b/bin/../lib/gcc/aarch64-linux-android/4.9.x]
  ignore line: [Selected GCC installation: /home/armnn1/armnn-devenv/toolchains/aarch64-android-r16b/bin/../lib/gcc/aarch64-linux-android/4.9.x]
  ignore line: [Candidate multilib: .]
  ignore line: [@m64]
  ignore line: [Selected multilib: .]
  ignore line: [@m64]
  link line: [ "/home/armnn1/armnn-devenv/toolchains/aarch64-android-r16b/bin/../lib/gcc/aarch64-linux-android/4.9.x/../../../../aarch64-linux-android/bin/ld" --sysroot=/home/armnn1/armnn-devenv/toolchains/aarch64-android-r16b/bin/../sysroot --fix-cortex-a53-843419 -z relro --eh-frame-hdr -m aarch64linux -dynamic-linker /system/bin/linker64 -o cmTC_622c7 /home/armnn1/armnn-devenv/toolchains/aarch64-android-r16b/bin/../sysroot/usr/lib/crtbegin_dynamic.o -L/home/armnn1/armnn-devenv/toolchains/aarch64-android-r16b/lib64/clang/5.0.300080/lib/linux/aarch64 -L/home/armnn1/armnn-devenv/toolchains/aarch64-android-r16b/bin/../lib/gcc/aarch64-linux-android/4.9.x -L/home/armnn1/armnn-devenv/toolchains/aarch64-android-r16b/bin/../lib/gcc/aarch64-linux-android/4.9.x/../../../../aarch64-linux-android/lib/../lib64 -L/home/armnn1/armnn-devenv/toolchains/aarch64-android-r16b/bin/../lib/gcc/aarch64-linux-android/4.9.x/../../../../aarch64-linux-android/lib -L/home/armnn1/armnn-devenv/toolchains/aarch64-android-r16b/bin/../sysroot/usr/lib CMakeFiles/cmTC_622c7.dir/CMakeCCompilerABI.c.o -lgcc -ldl -lc -lgcc -ldl /home/armnn1/armnn-devenv/toolchains/aarch64-android-r16b/bin/../sysroot/usr/lib/crtend_android.o]
    arg [/home/armnn1/armnn-devenv/toolchains/aarch64-android-r16b/bin/../lib/gcc/aarch64-linux-android/4.9.x/../../../../aarch64-linux-android/bin/ld] ==> ignore
    arg [--sysroot=/home/armnn1/armnn-devenv/toolchains/aarch64-android-r16b/bin/../sysroot] ==> ignore
    arg [--fix-cortex-a53-843419] ==> ignore
    arg [-zrelro] ==> ignore
    arg [--eh-frame-hdr] ==> ignore
    arg [-m] ==> ignore
    arg [aarch64linux] ==> ignore
    arg [-dynamic-linker] ==> ignore
    arg [/system/bin/linker64] ==> ignore
    arg [-o] ==> ignore
    arg [cmTC_622c7] ==> ignore
    arg [/home/armnn1/armnn-devenv/toolchains/aarch64-android-r16b/bin/../sysroot/usr/lib/crtbegin_dynamic.o] ==> ignore
    arg [-L/home/armnn1/armnn-devenv/toolchains/aarch64-android-r16b/lib64/clang/5.0.300080/lib/linux/aarch64] ==> dir [/home/armnn1/armnn-devenv/toolchains/aarch64-android-r16b/lib64/clang/5.0.300080/lib/linux/aarch64]
    arg [-L/home/armnn1/armnn-devenv/toolchains/aarch64-android-r16b/bin/../lib/gcc/aarch64-linux-android/4.9.x] ==> dir [/home/armnn1/armnn-devenv/toolchains/aarch64-android-r16b/bin/../lib/gcc/aarch64-linux-android/4.9.x]
    arg [-L/home/armnn1/armnn-devenv/toolchains/aarch64-android-r16b/bin/../lib/gcc/aarch64-linux-android/4.9.x/../../../../aarch64-linux-android/lib/../lib64] ==> dir [/home/armnn1/armnn-devenv/toolchains/aarch64-android-r16b/bin/../lib/gcc/aarch64-linux-android/4.9.x/../../../../aarch64-linux-android/lib/../lib64]
    arg [-L/home/armnn1/armnn-devenv/toolchains/aarch64-android-r16b/bin/../lib/gcc/aarch64-linux-android/4.9.x/../../../../aarch64-linux-android/lib] ==> dir [/home/armnn1/armnn-devenv/toolchains/aarch64-android-r16b/bin/../lib/gcc/aarch64-linux-android/4.9.x/../../../../aarch64-linux-android/lib]
    arg [-L/home/armnn1/armnn-devenv/toolchains/aarch64-android-r16b/bin/../sysroot/usr/lib] ==> dir [/home/armnn1/armnn-devenv/toolchains/aarch64-android-r16b/bin/../sysroot/usr/lib]
    arg [CMakeFiles/cmTC_622c7.dir/CMakeCCompilerABI.c.o] ==> ignore
    arg [-lgcc] ==> lib [gcc]
    arg [-ldl] ==> lib [dl]
    arg [-lc] ==> lib [c]
    arg [-lgcc] ==> lib [gcc]
    arg [-ldl] ==> lib [dl]
    arg [/home/armnn1/armnn-devenv/toolchains/aarch64-android-r16b/bin/../sysroot/usr/lib/crtend_android.o] ==> ignore
  remove lib [gcc]
  remove lib [gcc]
  collapse library dir [/home/armnn1/armnn-devenv/toolchains/aarch64-android-r16b/lib64/clang/5.0.300080/lib/linux/aarch64] ==> [/home/armnn1/armnn-devenv/toolchains/aarch64-android-r16b/lib64/clang/5.0.300080/lib/linux/aarch64]
  collapse library dir [/home/armnn1/armnn-devenv/toolchains/aarch64-android-r16b/bin/../lib/gcc/aarch64-linux-android/4.9.x] ==> [/home/armnn1/armnn-devenv/toolchains/aarch64-android-r16b/lib/gcc/aarch64-linux-android/4.9.x]
  collapse library dir [/home/armnn1/armnn-devenv/toolchains/aarch64-android-r16b/bin/../lib/gcc/aarch64-linux-android/4.9.x/../../../../aarch64-linux-android/lib/../lib64] ==> [/home/armnn1/armnn-devenv/toolchains/aarch64-android-r16b/aarch64-linux-android/lib64]
  collapse library dir [/home/armnn1/armnn-devenv/toolchains/aarch64-android-r16b/bin/../lib/gcc/aarch64-linux-android/4.9.x/../../../../aarch64-linux-android/lib] ==> [/home/armnn1/armnn-devenv/toolchains/aarch64-android-r16b/aarch64-linux-android/lib]
  collapse library dir [/home/armnn1/armnn-devenv/toolchains/aarch64-android-r16b/bin/../sysroot/usr/lib] ==> [/home/armnn1/armnn-devenv/toolchains/aarch64-android-r16b/sysroot/usr/lib]
  implicit libs: [dl;c;dl]
  implicit dirs: [/home/armnn1/armnn-devenv/toolchains/aarch64-android-r16b/lib64/clang/5.0.300080/lib/linux/aarch64;/home/armnn1/armnn-devenv/toolchains/aarch64-android-r16b/lib/gcc/aarch64-linux-android/4.9.x;/home/armnn1/armnn-devenv/toolchains/aarch64-android-r16b/aarch64-linux-android/lib64;/home/armnn1/armnn-devenv/toolchains/aarch64-android-r16b/aarch64-linux-android/lib;/home/armnn1/armnn-devenv/toolchains/aarch64-android-r16b/sysroot/usr/lib]
  implicit fwks: []




Detecting C [-std=c11] compiler features compiled with the following output:
Change Dir: /home/armnn1/armnn-devenv/armnn/build/CMakeFiles/CMakeTmp

Run Build Command:"/home/armnn1/armnn-devenv/toolchains/aarch64-android-r16b/bin/make" "cmTC_ec836/fast"
/home/armnn1/armnn-devenv/toolchains/aarch64-android-r16b/bin/make -f CMakeFiles/cmTC_ec836.dir/build.make CMakeFiles/cmTC_ec836.dir/build
make[1]: Entering directory `/home/armnn1/armnn-devenv/armnn/build/CMakeFiles/CMakeTmp'
Building C object CMakeFiles/cmTC_ec836.dir/feature_tests.c.o
/home/armnn1/armnn-devenv/toolchains/aarch64-android-r16b/bin/aarch64-linux-android-clang    -std=c11 -o CMakeFiles/cmTC_ec836.dir/feature_tests.c.o   -c /home/armnn1/armnn-devenv/armnn/build/CMakeFiles/feature_tests.c
Linking C executable cmTC_ec836
/usr/bin/cmake -E cmake_link_script CMakeFiles/cmTC_ec836.dir/link.txt --verbose=1
/home/armnn1/armnn-devenv/toolchains/aarch64-android-r16b/bin/aarch64-linux-android-clang       CMakeFiles/cmTC_ec836.dir/feature_tests.c.o  -o cmTC_ec836  
make[1]: Leaving directory `/home/armnn1/armnn-devenv/armnn/build/CMakeFiles/CMakeTmp'


    Feature record: C_FEATURE:1c_function_prototypes
    Feature record: C_FEATURE:1c_restrict
    Feature record: C_FEATURE:1c_static_assert
    Feature record: C_FEATURE:1c_variadic_macros


Detecting C [-std=c99] compiler features compiled with the following output:
Change Dir: /home/armnn1/armnn-devenv/armnn/build/CMakeFiles/CMakeTmp

Run Build Command:"/home/armnn1/armnn-devenv/toolchains/aarch64-android-r16b/bin/make" "cmTC_fec21/fast"
/home/armnn1/armnn-devenv/toolchains/aarch64-android-r16b/bin/make -f CMakeFiles/cmTC_fec21.dir/build.make CMakeFiles/cmTC_fec21.dir/build
make[1]: Entering directory `/home/armnn1/armnn-devenv/armnn/build/CMakeFiles/CMakeTmp'
Building C object CMakeFiles/cmTC_fec21.dir/feature_tests.c.o
/home/armnn1/armnn-devenv/toolchains/aarch64-android-r16b/bin/aarch64-linux-android-clang    -std=c99 -o CMakeFiles/cmTC_fec21.dir/feature_tests.c.o   -c /home/armnn1/armnn-devenv/armnn/build/CMakeFiles/feature_tests.c
Linking C executable cmTC_fec21
/usr/bin/cmake -E cmake_link_script CMakeFiles/cmTC_fec21.dir/link.txt --verbose=1
/home/armnn1/armnn-devenv/toolchains/aarch64-android-r16b/bin/aarch64-linux-android-clang       CMakeFiles/cmTC_fec21.dir/feature_tests.c.o  -o cmTC_fec21  
make[1]: Leaving directory `/home/armnn1/armnn-devenv/armnn/build/CMakeFiles/CMakeTmp'


    Feature record: C_FEATURE:1c_function_prototypes
    Feature record: C_FEATURE:1c_restrict
    Feature record: C_FEATURE:0c_static_assert
    Feature record: C_FEATURE:1c_variadic_macros


Detecting C [-std=c90] compiler features compiled with the following output:
Change Dir: /home/armnn1/armnn-devenv/armnn/build/CMakeFiles/CMakeTmp

Run Build Command:"/home/armnn1/armnn-devenv/toolchains/aarch64-android-r16b/bin/make" "cmTC_fe36e/fast"
/home/armnn1/armnn-devenv/toolchains/aarch64-android-r16b/bin/make -f CMakeFiles/cmTC_fe36e.dir/build.make CMakeFiles/cmTC_fe36e.dir/build
make[1]: Entering directory `/home/armnn1/armnn-devenv/armnn/build/CMakeFiles/CMakeTmp'
Building C object CMakeFiles/cmTC_fe36e.dir/feature_tests.c.o
/home/armnn1/armnn-devenv/toolchains/aarch64-android-r16b/bin/aarch64-linux-android-clang    -std=c90 -o CMakeFiles/cmTC_fe36e.dir/feature_tests.c.o   -c /home/armnn1/armnn-devenv/armnn/build/CMakeFiles/feature_tests.c
Linking C executable cmTC_fe36e
/usr/bin/cmake -E cmake_link_script CMakeFiles/cmTC_fe36e.dir/link.txt --verbose=1
/home/armnn1/armnn-devenv/toolchains/aarch64-android-r16b/bin/aarch64-linux-android-clang       CMakeFiles/cmTC_fe36e.dir/feature_tests.c.o  -o cmTC_fe36e  
make[1]: Leaving directory `/home/armnn1/armnn-devenv/armnn/build/CMakeFiles/CMakeTmp'


    Feature record: C_FEATURE:1c_function_prototypes
    Feature record: C_FEATURE:0c_restrict
    Feature record: C_FEATURE:0c_static_assert
    Feature record: C_FEATURE:0c_variadic_macros
Determining if the CXX compiler works passed with the following output:
Change Dir: /home/armnn1/armnn-devenv/armnn/build/CMakeFiles/CMakeTmp

Run Build Command:"/home/armnn1/armnn-devenv/toolchains/aarch64-android-r16b/bin/make" "cmTC_fe7c0/fast"
/home/armnn1/armnn-devenv/toolchains/aarch64-android-r16b/bin/make -f CMakeFiles/cmTC_fe7c0.dir/build.make CMakeFiles/cmTC_fe7c0.dir/build
make[1]: Entering directory `/home/armnn1/armnn-devenv/armnn/build/CMakeFiles/CMakeTmp'
Building CXX object CMakeFiles/cmTC_fe7c0.dir/testCXXCompiler.cxx.o
/home/armnn1/armnn-devenv/toolchains/aarch64-android-r16b/bin/aarch64-linux-android-clang++      -o CMakeFiles/cmTC_fe7c0.dir/testCXXCompiler.cxx.o -c /home/armnn1/armnn-devenv/armnn/build/CMakeFiles/CMakeTmp/testCXXCompiler.cxx
Linking CXX executable cmTC_fe7c0
/usr/bin/cmake -E cmake_link_script CMakeFiles/cmTC_fe7c0.dir/link.txt --verbose=1
/home/armnn1/armnn-devenv/toolchains/aarch64-android-r16b/bin/aarch64-linux-android-clang++        CMakeFiles/cmTC_fe7c0.dir/testCXXCompiler.cxx.o  -o cmTC_fe7c0  
make[1]: Leaving directory `/home/armnn1/armnn-devenv/armnn/build/CMakeFiles/CMakeTmp'


Detecting CXX compiler ABI info compiled with the following output:
Change Dir: /home/armnn1/armnn-devenv/armnn/build/CMakeFiles/CMakeTmp

Run Build Command:"/home/armnn1/armnn-devenv/toolchains/aarch64-android-r16b/bin/make" "cmTC_397e9/fast"
/home/armnn1/armnn-devenv/toolchains/aarch64-android-r16b/bin/make -f CMakeFiles/cmTC_397e9.dir/build.make CMakeFiles/cmTC_397e9.dir/build
make[1]: Entering directory `/home/armnn1/armnn-devenv/armnn/build/CMakeFiles/CMakeTmp'
Building CXX object CMakeFiles/cmTC_397e9.dir/CMakeCXXCompilerABI.cpp.o
/home/armnn1/armnn-devenv/toolchains/aarch64-android-r16b/bin/aarch64-linux-android-clang++      -o CMakeFiles/cmTC_397e9.dir/CMakeCXXCompilerABI.cpp.o -c /usr/share/cmake-3.5/Modules/CMakeCXXCompilerABI.cpp
Linking CXX executable cmTC_397e9
/usr/bin/cmake -E cmake_link_script CMakeFiles/cmTC_397e9.dir/link.txt --verbose=1
/home/armnn1/armnn-devenv/toolchains/aarch64-android-r16b/bin/aarch64-linux-android-clang++       -v CMakeFiles/cmTC_397e9.dir/CMakeCXXCompilerABI.cpp.o  -o cmTC_397e9   
Android clang version 5.0.300080  (based on LLVM 5.0.300080)
Target: aarch64-none-linux-android
Thread model: posix
InstalledDir: /home/armnn1/armnn-devenv/toolchains/aarch64-android-r16b/bin
Found candidate GCC installation: /home/armnn1/armnn-devenv/toolchains/aarch64-android-r16b/bin/../lib/gcc/aarch64-linux-android/4.9.x
Selected GCC installation: /home/armnn1/armnn-devenv/toolchains/aarch64-android-r16b/bin/../lib/gcc/aarch64-linux-android/4.9.x
Candidate multilib: .;@m64
Selected multilib: .;@m64
 "/home/armnn1/armnn-devenv/toolchains/aarch64-android-r16b/bin/../lib/gcc/aarch64-linux-android/4.9.x/../../../../aarch64-linux-android/bin/ld" --sysroot=/home/armnn1/armnn-devenv/toolchains/aarch64-android-r16b/bin/../sysroot --fix-cortex-a53-843419 -z relro --eh-frame-hdr -m aarch64linux -dynamic-linker /system/bin/linker64 -o cmTC_397e9 /home/armnn1/armnn-devenv/toolchains/aarch64-android-r16b/bin/../sysroot/usr/lib/crtbegin_dynamic.o -L/home/armnn1/armnn-devenv/toolchains/aarch64-android-r16b/lib64/clang/5.0.300080/lib/linux/aarch64 -L/home/armnn1/armnn-devenv/toolchains/aarch64-android-r16b/bin/../lib/gcc/aarch64-linux-android/4.9.x -L/home/armnn1/armnn-devenv/toolchains/aarch64-android-r16b/bin/../lib/gcc/aarch64-linux-android/4.9.x/../../../../aarch64-linux-android/lib/../lib64 -L/home/armnn1/armnn-devenv/toolchains/aarch64-android-r16b/bin/../lib/gcc/aarch64-linux-android/4.9.x/../../../../aarch64-linux-android/lib -L/home/armnn1/armnn-devenv/toolchains/aarch64-android-r16b/bin/../sysroot/usr/lib CMakeFiles/cmTC_397e9.dir/CMakeCXXCompilerABI.cpp.o -lstdc++ -lm -lgcc -lgcc -ldl -lc -lgcc -lgcc -ldl /home/armnn1/armnn-devenv/toolchains/aarch64-android-r16b/bin/../sysroot/usr/lib/crtend_android.o
make[1]: Leaving directory `/home/armnn1/armnn-devenv/armnn/build/CMakeFiles/CMakeTmp'


Parsed CXX implicit link information from above output:
  link line regex: [^( *|.*[/\])(aarch64-linux-android-ld|([^/\]+-)?ld|collect2)[^/\]*( |$)]
  ignore line: [Change Dir: /home/armnn1/armnn-devenv/armnn/build/CMakeFiles/CMakeTmp]
  ignore line: []
  ignore line: [Run Build Command:"/home/armnn1/armnn-devenv/toolchains/aarch64-android-r16b/bin/make" "cmTC_397e9/fast"]
  ignore line: [/home/armnn1/armnn-devenv/toolchains/aarch64-android-r16b/bin/make -f CMakeFiles/cmTC_397e9.dir/build.make CMakeFiles/cmTC_397e9.dir/build]
  ignore line: [make[1]: Entering directory `/home/armnn1/armnn-devenv/armnn/build/CMakeFiles/CMakeTmp']
  ignore line: [Building CXX object CMakeFiles/cmTC_397e9.dir/CMakeCXXCompilerABI.cpp.o]
  ignore line: [/home/armnn1/armnn-devenv/toolchains/aarch64-android-r16b/bin/aarch64-linux-android-clang++      -o CMakeFiles/cmTC_397e9.dir/CMakeCXXCompilerABI.cpp.o -c /usr/share/cmake-3.5/Modules/CMakeCXXCompilerABI.cpp]
  ignore line: [Linking CXX executable cmTC_397e9]
  ignore line: [/usr/bin/cmake -E cmake_link_script CMakeFiles/cmTC_397e9.dir/link.txt --verbose=1]
  ignore line: [/home/armnn1/armnn-devenv/toolchains/aarch64-android-r16b/bin/aarch64-linux-android-clang++       -v CMakeFiles/cmTC_397e9.dir/CMakeCXXCompilerABI.cpp.o  -o cmTC_397e9   ]
  ignore line: [Android clang version 5.0.300080  (based on LLVM 5.0.300080)]
  ignore line: [Target: aarch64-none-linux-android]
  ignore line: [Thread model: posix]
  ignore line: [InstalledDir: /home/armnn1/armnn-devenv/toolchains/aarch64-android-r16b/bin]
  ignore line: [Found candidate GCC installation: /home/armnn1/armnn-devenv/toolchains/aarch64-android-r16b/bin/../lib/gcc/aarch64-linux-android/4.9.x]
  ignore line: [Selected GCC installation: /home/armnn1/armnn-devenv/toolchains/aarch64-android-r16b/bin/../lib/gcc/aarch64-linux-android/4.9.x]
  ignore line: [Candidate multilib: .]
  ignore line: [@m64]
  ignore line: [Selected multilib: .]
  ignore line: [@m64]
  link line: [ "/home/armnn1/armnn-devenv/toolchains/aarch64-android-r16b/bin/../lib/gcc/aarch64-linux-android/4.9.x/../../../../aarch64-linux-android/bin/ld" --sysroot=/home/armnn1/armnn-devenv/toolchains/aarch64-android-r16b/bin/../sysroot --fix-cortex-a53-843419 -z relro --eh-frame-hdr -m aarch64linux -dynamic-linker /system/bin/linker64 -o cmTC_397e9 /home/armnn1/armnn-devenv/toolchains/aarch64-android-r16b/bin/../sysroot/usr/lib/crtbegin_dynamic.o -L/home/armnn1/armnn-devenv/toolchains/aarch64-android-r16b/lib64/clang/5.0.300080/lib/linux/aarch64 -L/home/armnn1/armnn-devenv/toolchains/aarch64-android-r16b/bin/../lib/gcc/aarch64-linux-android/4.9.x -L/home/armnn1/armnn-devenv/toolchains/aarch64-android-r16b/bin/../lib/gcc/aarch64-linux-android/4.9.x/../../../../aarch64-linux-android/lib/../lib64 -L/home/armnn1/armnn-devenv/toolchains/aarch64-android-r16b/bin/../lib/gcc/aarch64-linux-android/4.9.x/../../../../aarch64-linux-android/lib -L/home/armnn1/armnn-devenv/toolchains/aarch64-android-r16b/bin/../sysroot/usr/lib CMakeFiles/cmTC_397e9.dir/CMakeCXXCompilerABI.cpp.o -lstdc++ -lm -lgcc -lgcc -ldl -lc -lgcc -lgcc -ldl /home/armnn1/armnn-devenv/toolchains/aarch64-android-r16b/bin/../sysroot/usr/lib/crtend_android.o]
    arg [/home/armnn1/armnn-devenv/toolchains/aarch64-android-r16b/bin/../lib/gcc/aarch64-linux-android/4.9.x/../../../../aarch64-linux-android/bin/ld] ==> ignore
    arg [--sysroot=/home/armnn1/armnn-devenv/toolchains/aarch64-android-r16b/bin/../sysroot] ==> ignore
    arg [--fix-cortex-a53-843419] ==> ignore
    arg [-zrelro] ==> ignore
    arg [--eh-frame-hdr] ==> ignore
    arg [-m] ==> ignore
    arg [aarch64linux] ==> ignore
    arg [-dynamic-linker] ==> ignore
    arg [/system/bin/linker64] ==> ignore
    arg [-o] ==> ignore
    arg [cmTC_397e9] ==> ignore
    arg [/home/armnn1/armnn-devenv/toolchains/aarch64-android-r16b/bin/../sysroot/usr/lib/crtbegin_dynamic.o] ==> ignore
    arg [-L/home/armnn1/armnn-devenv/toolchains/aarch64-android-r16b/lib64/clang/5.0.300080/lib/linux/aarch64] ==> dir [/home/armnn1/armnn-devenv/toolchains/aarch64-android-r16b/lib64/clang/5.0.300080/lib/linux/aarch64]
    arg [-L/home/armnn1/armnn-devenv/toolchains/aarch64-android-r16b/bin/../lib/gcc/aarch64-linux-android/4.9.x] ==> dir [/home/armnn1/armnn-devenv/toolchains/aarch64-android-r16b/bin/../lib/gcc/aarch64-linux-android/4.9.x]
    arg [-L/home/armnn1/armnn-devenv/toolchains/aarch64-android-r16b/bin/../lib/gcc/aarch64-linux-android/4.9.x/../../../../aarch64-linux-android/lib/../lib64] ==> dir [/home/armnn1/armnn-devenv/toolchains/aarch64-android-r16b/bin/../lib/gcc/aarch64-linux-android/4.9.x/../../../../aarch64-linux-android/lib/../lib64]
    arg [-L/home/armnn1/armnn-devenv/toolchains/aarch64-android-r16b/bin/../lib/gcc/aarch64-linux-android/4.9.x/../../../../aarch64-linux-android/lib] ==> dir [/home/armnn1/armnn-devenv/toolchains/aarch64-android-r16b/bin/../lib/gcc/aarch64-linux-android/4.9.x/../../../../aarch64-linux-android/lib]
    arg [-L/home/armnn1/armnn-devenv/toolchains/aarch64-android-r16b/bin/../sysroot/usr/lib] ==> dir [/home/armnn1/armnn-devenv/toolchains/aarch64-android-r16b/bin/../sysroot/usr/lib]
    arg [CMakeFiles/cmTC_397e9.dir/CMakeCXXCompilerABI.cpp.o] ==> ignore
    arg [-lstdc++] ==> lib [stdc++]
    arg [-lm] ==> lib [m]
    arg [-lgcc] ==> lib [gcc]
    arg [-lgcc] ==> lib [gcc]
    arg [-ldl] ==> lib [dl]
    arg [-lc] ==> lib [c]
    arg [-lgcc] ==> lib [gcc]
    arg [-lgcc] ==> lib [gcc]
    arg [-ldl] ==> lib [dl]
    arg [/home/armnn1/armnn-devenv/toolchains/aarch64-android-r16b/bin/../sysroot/usr/lib/crtend_android.o] ==> ignore
  remove lib [gcc]
  remove lib [gcc]
  remove lib [gcc]
  remove lib [gcc]
  collapse library dir [/home/armnn1/armnn-devenv/toolchains/aarch64-android-r16b/lib64/clang/5.0.300080/lib/linux/aarch64] ==> [/home/armnn1/armnn-devenv/toolchains/aarch64-android-r16b/lib64/clang/5.0.300080/lib/linux/aarch64]
  collapse library dir [/home/armnn1/armnn-devenv/toolchains/aarch64-android-r16b/bin/../lib/gcc/aarch64-linux-android/4.9.x] ==> [/home/armnn1/armnn-devenv/toolchains/aarch64-android-r16b/lib/gcc/aarch64-linux-android/4.9.x]
  collapse library dir [/home/armnn1/armnn-devenv/toolchains/aarch64-android-r16b/bin/../lib/gcc/aarch64-linux-android/4.9.x/../../../../aarch64-linux-android/lib/../lib64] ==> [/home/armnn1/armnn-devenv/toolchains/aarch64-android-r16b/aarch64-linux-android/lib64]
  collapse library dir [/home/armnn1/armnn-devenv/toolchains/aarch64-android-r16b/bin/../lib/gcc/aarch64-linux-android/4.9.x/../../../../aarch64-linux-android/lib] ==> [/home/armnn1/armnn-devenv/toolchains/aarch64-android-r16b/aarch64-linux-android/lib]
  collapse library dir [/home/armnn1/armnn-devenv/toolchains/aarch64-android-r16b/bin/../sysroot/usr/lib] ==> [/home/armnn1/armnn-devenv/toolchains/aarch64-android-r16b/sysroot/usr/lib]
  implicit libs: [stdc++;m;dl;c;dl]
  implicit dirs: [/home/armnn1/armnn-devenv/toolchains/aarch64-android-r16b/lib64/clang/5.0.300080/lib/linux/aarch64;/home/armnn1/armnn-devenv/toolchains/aarch64-android-r16b/lib/gcc/aarch64-linux-android/4.9.x;/home/armnn1/armnn-devenv/toolchains/aarch64-android-r16b/aarch64-linux-android/lib64;/home/armnn1/armnn-devenv/toolchains/aarch64-android-r16b/aarch64-linux-android/lib;/home/armnn1/armnn-devenv/toolchains/aarch64-android-r16b/sysroot/usr/lib]
  implicit fwks: []




Detecting CXX [-std=c++14] compiler features compiled with the following output:
Change Dir: /home/armnn1/armnn-devenv/armnn/build/CMakeFiles/CMakeTmp

Run Build Command:"/home/armnn1/armnn-devenv/toolchains/aarch64-android-r16b/bin/make" "cmTC_19d3b/fast"
/home/armnn1/armnn-devenv/toolchains/aarch64-android-r16b/bin/make -f CMakeFiles/cmTC_19d3b.dir/build.make CMakeFiles/cmTC_19d3b.dir/build
make[1]: Entering directory `/home/armnn1/armnn-devenv/armnn/build/CMakeFiles/CMakeTmp'
Building CXX object CMakeFiles/cmTC_19d3b.dir/feature_tests.cxx.o
/home/armnn1/armnn-devenv/toolchains/aarch64-android-r16b/bin/aarch64-linux-android-clang++     -std=c++14 -o CMakeFiles/cmTC_19d3b.dir/feature_tests.cxx.o -c /home/armnn1/armnn-devenv/armnn/build/CMakeFiles/feature_tests.cxx
Linking CXX executable cmTC_19d3b
/usr/bin/cmake -E cmake_link_script CMakeFiles/cmTC_19d3b.dir/link.txt --verbose=1
/home/armnn1/armnn-devenv/toolchains/aarch64-android-r16b/bin/aarch64-linux-android-clang++        CMakeFiles/cmTC_19d3b.dir/feature_tests.cxx.o  -o cmTC_19d3b  
make[1]: Leaving directory `/home/armnn1/armnn-devenv/armnn/build/CMakeFiles/CMakeTmp'


    Feature record: CXX_FEATURE:1cxx_aggregate_default_initializers
    Feature record: CXX_FEATURE:1cxx_alias_templates
    Feature record: CXX_FEATURE:1cxx_alignas
    Feature record: CXX_FEATURE:1cxx_alignof
    Feature record: CXX_FEATURE:1cxx_attributes
    Feature record: CXX_FEATURE:1cxx_attribute_deprecated
    Feature record: CXX_FEATURE:1cxx_auto_type
    Feature record: CXX_FEATURE:1cxx_binary_literals
    Feature record: CXX_FEATURE:1cxx_constexpr
    Feature record: CXX_FEATURE:1cxx_contextual_conversions
    Feature record: CXX_FEATURE:1cxx_decltype
    Feature record: CXX_FEATURE:1cxx_decltype_auto
    Feature record: CXX_FEATURE:1cxx_decltype_incomplete_return_types
    Feature record: CXX_FEATURE:1cxx_default_function_template_args
    Feature record: CXX_FEATURE:1cxx_defaulted_functions
    Feature record: CXX_FEATURE:1cxx_defaulted_move_initializers
    Feature record: CXX_FEATURE:1cxx_delegating_constructors
    Feature record: CXX_FEATURE:1cxx_deleted_functions
    Feature record: CXX_FEATURE:1cxx_digit_separators
    Feature record: CXX_FEATURE:1cxx_enum_forward_declarations
    Feature record: CXX_FEATURE:1cxx_explicit_conversions
    Feature record: CXX_FEATURE:1cxx_extended_friend_declarations
    Feature record: CXX_FEATURE:1cxx_extern_templates
    Feature record: CXX_FEATURE:1cxx_final
    Feature record: CXX_FEATURE:1cxx_func_identifier
    Feature record: CXX_FEATURE:1cxx_generalized_initializers
    Feature record: CXX_FEATURE:1cxx_generic_lambdas
    Feature record: CXX_FEATURE:1cxx_inheriting_constructors
    Feature record: CXX_FEATURE:1cxx_inline_namespaces
    Feature record: CXX_FEATURE:1cxx_lambdas
    Feature record: CXX_FEATURE:1cxx_lambda_init_captures
    Feature record: CXX_FEATURE:1cxx_local_type_template_args
    Feature record: CXX_FEATURE:1cxx_long_long_type
    Feature record: CXX_FEATURE:1cxx_noexcept
    Feature record: CXX_FEATURE:1cxx_nonstatic_member_init
    Feature record: CXX_FEATURE:1cxx_nullptr
    Feature record: CXX_FEATURE:1cxx_override
    Feature record: CXX_FEATURE:1cxx_range_for
    Feature record: CXX_FEATURE:1cxx_raw_string_literals
    Feature record: CXX_FEATURE:1cxx_reference_qualified_functions
    Feature record: CXX_FEATURE:1cxx_relaxed_constexpr
    Feature record: CXX_FEATURE:1cxx_return_type_deduction
    Feature record: CXX_FEATURE:1cxx_right_angle_brackets
    Feature record: CXX_FEATURE:1cxx_rvalue_references
    Feature record: CXX_FEATURE:1cxx_sizeof_member
    Feature record: CXX_FEATURE:1cxx_static_assert
    Feature record: CXX_FEATURE:1cxx_strong_enums
    Feature record: CXX_FEATURE:1cxx_template_template_parameters
    Feature record: CXX_FEATURE:1cxx_thread_local
    Feature record: CXX_FEATURE:1cxx_trailing_return_types
    Feature record: CXX_FEATURE:1cxx_unicode_literals
    Feature record: CXX_FEATURE:1cxx_uniform_initialization
    Feature record: CXX_FEATURE:1cxx_unrestricted_unions
    Feature record: CXX_FEATURE:1cxx_user_literals
    Feature record: CXX_FEATURE:1cxx_variable_templates
    Feature record: CXX_FEATURE:1cxx_variadic_macros
    Feature record: CXX_FEATURE:1cxx_variadic_templates


Detecting CXX [-std=c++11] compiler features compiled with the following output:
Change Dir: /home/armnn1/armnn-devenv/armnn/build/CMakeFiles/CMakeTmp

Run Build Command:"/home/armnn1/armnn-devenv/toolchains/aarch64-android-r16b/bin/make" "cmTC_98a9f/fast"
/home/armnn1/armnn-devenv/toolchains/aarch64-android-r16b/bin/make -f CMakeFiles/cmTC_98a9f.dir/build.make CMakeFiles/cmTC_98a9f.dir/build
make[1]: Entering directory `/home/armnn1/armnn-devenv/armnn/build/CMakeFiles/CMakeTmp'
Building CXX object CMakeFiles/cmTC_98a9f.dir/feature_tests.cxx.o
/home/armnn1/armnn-devenv/toolchains/aarch64-android-r16b/bin/aarch64-linux-android-clang++     -std=c++11 -o CMakeFiles/cmTC_98a9f.dir/feature_tests.cxx.o -c /home/armnn1/armnn-devenv/armnn/build/CMakeFiles/feature_tests.cxx
Linking CXX executable cmTC_98a9f
/usr/bin/cmake -E cmake_link_script CMakeFiles/cmTC_98a9f.dir/link.txt --verbose=1
/home/armnn1/armnn-devenv/toolchains/aarch64-android-r16b/bin/aarch64-linux-android-clang++        CMakeFiles/cmTC_98a9f.dir/feature_tests.cxx.o  -o cmTC_98a9f  
make[1]: Leaving directory `/home/armnn1/armnn-devenv/armnn/build/CMakeFiles/CMakeTmp'


    Feature record: CXX_FEATURE:0cxx_aggregate_default_initializers
    Feature record: CXX_FEATURE:1cxx_alias_templates
    Feature record: CXX_FEATURE:1cxx_alignas
    Feature record: CXX_FEATURE:1cxx_alignof
    Feature record: CXX_FEATURE:1cxx_attributes
    Feature record: CXX_FEATURE:0cxx_attribute_deprecated
    Feature record: CXX_FEATURE:1cxx_auto_type
    Feature record: CXX_FEATURE:0cxx_binary_literals
    Feature record: CXX_FEATURE:1cxx_constexpr
    Feature record: CXX_FEATURE:0cxx_contextual_conversions
    Feature record: CXX_FEATURE:1cxx_decltype
    Feature record: CXX_FEATURE:0cxx_decltype_auto
    Feature record: CXX_FEATURE:1cxx_decltype_incomplete_return_types
    Feature record: CXX_FEATURE:1cxx_default_function_template_args
    Feature record: CXX_FEATURE:1cxx_defaulted_functions
    Feature record: CXX_FEATURE:1cxx_defaulted_move_initializers
    Feature record: CXX_FEATURE:1cxx_delegating_constructors
    Feature record: CXX_FEATURE:1cxx_deleted_functions
    Feature record: CXX_FEATURE:0cxx_digit_separators
    Feature record: CXX_FEATURE:1cxx_enum_forward_declarations
    Feature record: CXX_FEATURE:1cxx_explicit_conversions
    Feature record: CXX_FEATURE:1cxx_extended_friend_declarations
    Feature record: CXX_FEATURE:1cxx_extern_templates
    Feature record: CXX_FEATURE:1cxx_final
    Feature record: CXX_FEATURE:1cxx_func_identifier
    Feature record: CXX_FEATURE:1cxx_generalized_initializers
    Feature record: CXX_FEATURE:0cxx_generic_lambdas
    Feature record: CXX_FEATURE:1cxx_inheriting_constructors
    Feature record: CXX_FEATURE:1cxx_inline_namespaces
    Feature record: CXX_FEATURE:1cxx_lambdas
    Feature record: CXX_FEATURE:0cxx_lambda_init_captures
    Feature record: CXX_FEATURE:1cxx_local_type_template_args
    Feature record: CXX_FEATURE:1cxx_long_long_type
    Feature record: CXX_FEATURE:1cxx_noexcept
    Feature record: CXX_FEATURE:1cxx_nonstatic_member_init
    Feature record: CXX_FEATURE:1cxx_nullptr
    Feature record: CXX_FEATURE:1cxx_override
    Feature record: CXX_FEATURE:1cxx_range_for
    Feature record: CXX_FEATURE:1cxx_raw_string_literals
    Feature record: CXX_FEATURE:1cxx_reference_qualified_functions
    Feature record: CXX_FEATURE:0cxx_relaxed_constexpr
    Feature record: CXX_FEATURE:0cxx_return_type_deduction
    Feature record: CXX_FEATURE:1cxx_right_angle_brackets
    Feature record: CXX_FEATURE:1cxx_rvalue_references
    Feature record: CXX_FEATURE:1cxx_sizeof_member
    Feature record: CXX_FEATURE:1cxx_static_assert
    Feature record: CXX_FEATURE:1cxx_strong_enums
    Feature record: CXX_FEATURE:1cxx_template_template_parameters
    Feature record: CXX_FEATURE:1cxx_thread_local
    Feature record: CXX_FEATURE:1cxx_trailing_return_types
    Feature record: CXX_FEATURE:1cxx_unicode_literals
    Feature record: CXX_FEATURE:1cxx_uniform_initialization
    Feature record: CXX_FEATURE:1cxx_unrestricted_unions
    Feature record: CXX_FEATURE:1cxx_user_literals
    Feature record: CXX_FEATURE:0cxx_variable_templates
    Feature record: CXX_FEATURE:1cxx_variadic_macros
    Feature record: CXX_FEATURE:1cxx_variadic_templates


Detecting CXX [-std=c++98] compiler features compiled with the following output:
Change Dir: /home/armnn1/armnn-devenv/armnn/build/CMakeFiles/CMakeTmp

Run Build Command:"/home/armnn1/armnn-devenv/toolchains/aarch64-android-r16b/bin/make" "cmTC_318c6/fast"
/home/armnn1/armnn-devenv/toolchains/aarch64-android-r16b/bin/make -f CMakeFiles/cmTC_318c6.dir/build.make CMakeFiles/cmTC_318c6.dir/build
make[1]: Entering directory `/home/armnn1/armnn-devenv/armnn/build/CMakeFiles/CMakeTmp'
Building CXX object CMakeFiles/cmTC_318c6.dir/feature_tests.cxx.o
/home/armnn1/armnn-devenv/toolchains/aarch64-android-r16b/bin/aarch64-linux-android-clang++     -std=c++98 -o CMakeFiles/cmTC_318c6.dir/feature_tests.cxx.o -c /home/armnn1/armnn-devenv/armnn/build/CMakeFiles/feature_tests.cxx
Linking CXX executable cmTC_318c6
/usr/bin/cmake -E cmake_link_script CMakeFiles/cmTC_318c6.dir/link.txt --verbose=1
/home/armnn1/armnn-devenv/toolchains/aarch64-android-r16b/bin/aarch64-linux-android-clang++        CMakeFiles/cmTC_318c6.dir/feature_tests.cxx.o  -o cmTC_318c6  
make[1]: Leaving directory `/home/armnn1/armnn-devenv/armnn/build/CMakeFiles/CMakeTmp'


    Feature record: CXX_FEATURE:0cxx_aggregate_default_initializers
    Feature record: CXX_FEATURE:0cxx_alias_templates
    Feature record: CXX_FEATURE:0cxx_alignas
    Feature record: CXX_FEATURE:0cxx_alignof
    Feature record: CXX_FEATURE:0cxx_attributes
    Feature record: CXX_FEATURE:0cxx_attribute_deprecated
    Feature record: CXX_FEATURE:0cxx_auto_type
    Feature record: CXX_FEATURE:0cxx_binary_literals
    Feature record: CXX_FEATURE:0cxx_constexpr
    Feature record: CXX_FEATURE:0cxx_contextual_conversions
    Feature record: CXX_FEATURE:0cxx_decltype
    Feature record: CXX_FEATURE:0cxx_decltype_auto
    Feature record: CXX_FEATURE:0cxx_decltype_incomplete_return_types
    Feature record: CXX_FEATURE:0cxx_default_function_template_args
    Feature record: CXX_FEATURE:0cxx_defaulted_functions
    Feature record: CXX_FEATURE:0cxx_defaulted_move_initializers
    Feature record: CXX_FEATURE:0cxx_delegating_constructors
    Feature record: CXX_FEATURE:0cxx_deleted_functions
    Feature record: CXX_FEATURE:0cxx_digit_separators
    Feature record: CXX_FEATURE:0cxx_enum_forward_declarations
    Feature record: CXX_FEATURE:0cxx_explicit_conversions
    Feature record: CXX_FEATURE:0cxx_extended_friend_declarations
    Feature record: CXX_FEATURE:0cxx_extern_templates
    Feature record: CXX_FEATURE:0cxx_final
    Feature record: CXX_FEATURE:0cxx_func_identifier
    Feature record: CXX_FEATURE:0cxx_generalized_initializers
    Feature record: CXX_FEATURE:0cxx_generic_lambdas
    Feature record: CXX_FEATURE:0cxx_inheriting_constructors
    Feature record: CXX_FEATURE:0cxx_inline_namespaces
    Feature record: CXX_FEATURE:0cxx_lambdas
    Feature record: CXX_FEATURE:0cxx_lambda_init_captures
    Feature record: CXX_FEATURE:0cxx_local_type_template_args
    Feature record: CXX_FEATURE:0cxx_long_long_type
    Feature record: CXX_FEATURE:0cxx_noexcept
    Feature record: CXX_FEATURE:0cxx_nonstatic_member_init
    Feature record: CXX_FEATURE:0cxx_nullptr
    Feature record: CXX_FEATURE:0cxx_override
    Feature record: CXX_FEATURE:0cxx_range_for
    Feature record: CXX_FEATURE:0cxx_raw_string_literals
    Feature record: CXX_FEATURE:0cxx_reference_qualified_functions
    Feature record: CXX_FEATURE:0cxx_relaxed_constexpr
    Feature record: CXX_FEATURE:0cxx_return_type_deduction
    Feature record: CXX_FEATURE:0cxx_right_angle_brackets
    Feature record: CXX_FEATURE:0cxx_rvalue_references
    Feature record: CXX_FEATURE:0cxx_sizeof_member
    Feature record: CXX_FEATURE:0cxx_static_assert
    Feature record: CXX_FEATURE:0cxx_strong_enums
    Feature record: CXX_FEATURE:1cxx_template_template_parameters
    Feature record: CXX_FEATURE:0cxx_thread_local
    Feature record: CXX_FEATURE:0cxx_trailing_return_types
    Feature record: CXX_FEATURE:0cxx_unicode_literals
    Feature record: CXX_FEATURE:0cxx_uniform_initialization
    Feature record: CXX_FEATURE:0cxx_unrestricted_unions
    Feature record: CXX_FEATURE:0cxx_user_literals
    Feature record: CXX_FEATURE:0cxx_variable_templates
    Feature record: CXX_FEATURE:0cxx_variadic_macros
    Feature record: CXX_FEATURE:0cxx_variadic_templates
Determining if the include file pthread.h exists passed with the following output:
Change Dir: /home/armnn1/armnn-devenv/armnn/build/CMakeFiles/CMakeTmp

Run Build Command:"/home/armnn1/armnn-devenv/toolchains/aarch64-android-r16b/bin/make" "cmTC_be3b0/fast"
/home/armnn1/armnn-devenv/toolchains/aarch64-android-r16b/bin/make -f CMakeFiles/cmTC_be3b0.dir/build.make CMakeFiles/cmTC_be3b0.dir/build
make[1]: Entering directory `/home/armnn1/armnn-devenv/armnn/build/CMakeFiles/CMakeTmp'
Building C object CMakeFiles/cmTC_be3b0.dir/CheckIncludeFile.c.o
/home/armnn1/armnn-devenv/toolchains/aarch64-android-r16b/bin/aarch64-linux-android-clang    -fPIE   -o CMakeFiles/cmTC_be3b0.dir/CheckIncludeFile.c.o   -c /home/armnn1/armnn-devenv/armnn/build/CMakeFiles/CMakeTmp/CheckIncludeFile.c
Linking C executable cmTC_be3b0
/usr/bin/cmake -E cmake_link_script CMakeFiles/cmTC_be3b0.dir/link.txt --verbose=1
/home/armnn1/armnn-devenv/toolchains/aarch64-android-r16b/bin/aarch64-linux-android-clang       CMakeFiles/cmTC_be3b0.dir/CheckIncludeFile.c.o  -o cmTC_be3b0  
make[1]: Leaving directory `/home/armnn1/armnn-devenv/armnn/build/CMakeFiles/CMakeTmp'


Determining if the pthread_create exist passed with the following output:
Change Dir: /home/armnn1/armnn-devenv/armnn/build/CMakeFiles/CMakeTmp

Run Build Command:"/home/armnn1/armnn-devenv/toolchains/aarch64-android-r16b/bin/make" "cmTC_a494d/fast"
/home/armnn1/armnn-devenv/toolchains/aarch64-android-r16b/bin/make -f CMakeFiles/cmTC_a494d.dir/build.make CMakeFiles/cmTC_a494d.dir/build
make[1]: Entering directory `/home/armnn1/armnn-devenv/armnn/build/CMakeFiles/CMakeTmp'
Building C object CMakeFiles/cmTC_a494d.dir/CheckSymbolExists.c.o
/home/armnn1/armnn-devenv/toolchains/aarch64-android-r16b/bin/aarch64-linux-android-clang    -fPIE   -o CMakeFiles/cmTC_a494d.dir/CheckSymbolExists.c.o   -c /home/armnn1/armnn-devenv/armnn/build/CMakeFiles/CMakeTmp/CheckSymbolExists.c
Linking C executable cmTC_a494d
/usr/bin/cmake -E cmake_link_script CMakeFiles/cmTC_a494d.dir/link.txt --verbose=1
/home/armnn1/armnn-devenv/toolchains/aarch64-android-r16b/bin/aarch64-linux-android-clang       CMakeFiles/cmTC_a494d.dir/CheckSymbolExists.c.o  -o cmTC_a494d  
make[1]: Leaving directory `/home/armnn1/armnn-devenv/armnn/build/CMakeFiles/CMakeTmp'

File /home/armnn1/armnn-devenv/armnn/build/CMakeFiles/CMakeTmp/CheckSymbolExists.c:
/* */
#include <pthread.h>

int main(int argc, char** argv)
{
  (void)argv;
#ifndef pthread_create
  return ((int*)(&pthread_create))[argc];
#else
  (void)argc;
  return 0;
#endif
}

